<?xml version="1.0" encoding="UTF-8"?>
<testng-results ignored="0" total="1" passed="1" failed="0" skipped="0">
  <reporter-output>
  </reporter-output>
  <suite started-at="2024-05-13T22:12:06 IST" name="Default suite" finished-at="2024-05-13T22:12:19 IST" duration-ms="13263">
    <groups>
    </groups>
    <test started-at="2024-05-13T22:12:06 IST" name="Default test" finished-at="2024-05-13T22:12:19 IST" duration-ms="13263">
      <class name="WorkrigAutoamation.Workrig_Autoamtion">
        <test-method is-config="true" signature="setUp()[pri:0, instance:WorkrigAutoamation.Workrig_Autoamtion@4d5650ae]" started-at="2024-05-13T22:12:06 IST" name="setUp" finished-at="2024-05-13T22:12:09 IST" duration-ms="3313" status="PASS">
          <reporter-output>
          </reporter-output>
        </test-method> <!-- setUp -->
        <test-method signature="loginAndLogoutTest()[pri:0, instance:WorkrigAutoamation.Workrig_Autoamtion@4d5650ae]" started-at="2024-05-13T22:12:09 IST" name="loginAndLogoutTest" finished-at="2024-05-13T22:12:19 IST" duration-ms="9611" status="PASS">
          <reporter-output>
          </reporter-output>
        </test-method> <!-- loginAndLogoutTest -->
        <test-method is-config="true" signature="tearDown()[pri:0, instance:WorkrigAutoamation.Workrig_Autoamtion@4d5650ae]" started-at="2024-05-13T22:12:19 IST" name="tearDown" finished-at="2024-05-13T22:12:19 IST" duration-ms="257" status="PASS">
          <reporter-output>
          </reporter-output>
        </test-method> <!-- tearDown -->
      </class> <!-- WorkrigAutoamation.Workrig_Autoamtion -->
    </test> <!-- Default test -->
  </suite> <!-- Default suite -->
</testng-results>
