<?xml version="1.0" encoding="UTF-8"?>
<testng-results ignored="0" total="1" passed="1" failed="0" skipped="0">
  <reporter-output>
  </reporter-output>
  <suite started-at="2024-07-05T12:05:04 IST" name="Default suite" finished-at="2024-07-05T12:05:13 IST" duration-ms="9260">
    <groups>
    </groups>
    <test started-at="2024-07-05T12:05:04 IST" name="Default test" finished-at="2024-07-05T12:05:13 IST" duration-ms="9260">
      <class name="WorkrigAutoamation.Workrig_Autoamtion">
        <test-method is-config="true" signature="setUp()[pri:0, instance:WorkrigAutoamation.Workrig_Autoamtion@6be968ce]" started-at="2024-07-05T12:05:04 IST" name="setUp" finished-at="2024-07-05T12:05:06 IST" duration-ms="2075" status="PASS">
          <reporter-output>
          </reporter-output>
        </test-method> <!-- setUp -->
        <test-method signature="NaukriProfileUpdate()[pri:0, instance:WorkrigAutoamation.Workrig_Autoamtion@6be968ce]" started-at="2024-07-05T12:05:06 IST" name="NaukriProfileUpdate" finished-at="2024-07-05T12:05:13 IST" duration-ms="6994" status="PASS">
          <reporter-output>
          </reporter-output>
        </test-method> <!-- NaukriProfileUpdate -->
        <test-method is-config="true" signature="tearDown()[pri:0, instance:WorkrigAutoamation.Workrig_Autoamtion@6be968ce]" started-at="2024-07-05T12:05:13 IST" name="tearDown" finished-at="2024-07-05T12:05:13 IST" duration-ms="152" status="PASS">
          <reporter-output>
          </reporter-output>
        </test-method> <!-- tearDown -->
      </class> <!-- WorkrigAutoamation.Workrig_Autoamtion -->
    </test> <!-- Default test -->
  </suite> <!-- Default suite -->
</testng-results>
